SF:lib\provider\cart_provider.dart
DA:15,2
DA:31,1
DA:41,2
DA:42,3
DA:45,2
DA:47,2
DA:49,2
DA:50,2
DA:51,2
DA:52,2
DA:53,2
DA:54,2
DA:55,2
DA:56,2
DA:58,2
DA:63,2
DA:64,1
DA:75,1
DA:76,2
DA:77,2
DA:81,3
DA:82,1
DA:86,1
DA:87,1
DA:88,1
DA:92,0
DA:93,0
DA:94,0
DA:98,1
DA:99,2
DA:100,1
DA:101,1
DA:102,1
DA:103,1
DA:107,1
DA:108,2
DA:109,5
DA:110,1
DA:114,0
DA:115,0
DA:119,1
DA:120,5
DA:122,1
DA:126,0
DA:127,0
DA:128,0
DA:129,0
DA:130,0
DA:133,0
DA:137,0
DA:138,0
DA:139,0
DA:140,0
DA:141,0
DA:142,0
DA:143,0
DA:147,0
DA:148,0
DA:152,0
DA:153,0
DA:157,0
DA:158,0
DA:162,0
DA:163,0
DA:167,1
DA:168,1
LF:66
LH:40
end_of_record
SF:lib\http\add_transaksi.dart
DA:35,0
DA:37,0
DA:38,0
DA:39,0
DA:40,0
DA:47,0
DA:48,0
DA:49,0
DA:50,0
DA:51,0
DA:55,0
DA:56,0
DA:57,0
DA:60,0
DA:61,0
LF:15
LH:0
end_of_record
SF:lib\model\order_model.dart
DA:10,0
DA:17,0
DA:18,0
DA:19,0
DA:20,0
LF:5
LH:0
end_of_record
SF:lib\http\fetch_data_ruangan.dart
DA:9,0
DA:10,0
DA:11,0
DA:12,0
DA:13,0
DA:18,0
DA:20,0
DA:21,0
DA:23,0
DA:24,0
LF:10
LH:0
end_of_record
SF:lib\model\ruangan_model.dart
DA:10,0
DA:18,0
DA:19,0
DA:20,0
DA:21,0
DA:22,0
DA:23,0
LF:7
LH:0
end_of_record
SF:lib\model\cart_menu_modelllll.dart
DA:12,1
DA:24,0
DA:25,0
DA:26,0
DA:27,0
DA:28,0
LF:6
LH:1
end_of_record
SF:lib\model\gedung_model.dart
DA:8,0
DA:16,0
DA:17,0
DA:18,0
DA:19,0
DA:20,0
DA:21,0
DA:24,0
DA:25,0
DA:26,0
DA:27,0
DA:28,0
DA:29,0
LF:13
LH:0
end_of_record
SF:lib\model\snap_model.dart
DA:7,0
DA:12,0
DA:13,0
DA:14,0
LF:4
LH:0
end_of_record
SF:lib\model\tenant_model.dart
DA:18,1
DA:34,0
DA:35,0
DA:36,0
DA:37,0
DA:38,0
DA:39,0
DA:40,0
DA:41,0
DA:42,0
DA:48,0
DA:49,0
DA:50,0
DA:51,0
DA:54,0
DA:55,0
DA:56,0
DA:57,0
DA:58,0
LF:19
LH:1
end_of_record
SF:lib\views\home\widgets\list_tenant.dart
DA:12,1
DA:18,1
DA:20,1
DA:24,2
DA:25,1
DA:27,1
DA:28,0
DA:29,0
DA:30,0
DA:31,0
DA:32,0
DA:33,0
DA:38,1
DA:43,1
DA:48,1
DA:49,1
DA:50,1
DA:57,1
DA:58,1
DA:59,1
DA:60,1
DA:65,1
DA:71,4
DA:72,0
DA:73,1
DA:81,1
DA:86,1
DA:87,1
DA:88,1
DA:89,1
DA:91,1
DA:92,1
DA:93,3
DA:95,1
DA:96,1
DA:98,1
DA:101,1
DA:104,1
DA:105,1
DA:107,1
DA:118,1
DA:122,1
DA:124,1
DA:125,1
DA:126,1
DA:138,1
DA:139,1
DA:140,3
DA:141,1
DA:143,1
LF:50
LH:43
end_of_record
SF:lib\exceptions\api_exception.dart
DA:5,0
LF:1
LH:0
end_of_record
SF:lib\http\delete_menu_tenant.dart
DA:7,0
DA:8,0
DA:9,0
DA:10,0
DA:13,0
DA:14,0
DA:18,0
DA:19,0
LF:8
LH:0
end_of_record
SF:lib\http\fetch_all_tenant.dart
DA:10,1
DA:11,1
DA:12,1
DA:13,2
DA:15,2
DA:16,0
DA:17,0
DA:19,0
DA:20,0
DA:21,0
DA:23,0
DA:24,0
LF:12
LH:5
end_of_record
SF:lib\model\tenant_foods.dart
DA:18,0
DA:34,0
DA:35,0
DA:36,0
DA:37,0
DA:41,0
DA:42,0
DA:43,0
DA:44,0
DA:45,0
DA:46,0
DA:48,0
DA:49,0
DA:51,0
DA:52,0
DA:53,0
DA:55,0
LF:17
LH:0
end_of_record
SF:lib\http\fetch_data_tenant.dart
DA:27,0
DA:29,0
DA:30,0
DA:31,0
DA:33,0
DA:34,0
DA:35,0
DA:38,0
DA:40,0
DA:41,0
DA:42,0
DA:43,0
DA:44,0
DA:45,0
DA:47,0
DA:48,0
DA:49,0
DA:52,0
DA:53,0
LF:19
LH:0
end_of_record
SF:lib\http\fetch_katalog_tenant.dart
DA:27,0
DA:29,0
DA:30,0
DA:31,0
DA:34,0
DA:35,0
DA:36,0
DA:38,0
DA:40,0
DA:43,0
DA:44,0
DA:48,0
DA:49,0
LF:13
LH:0
end_of_record
SF:lib\http\fetch_pengantaran.dart
DA:7,0
DA:8,0
DA:9,0
DA:10,0
DA:12,0
DA:13,0
DA:15,0
DA:17,0
DA:19,0
DA:20,0
LF:10
LH:0
end_of_record
SF:lib\model\pesanan_model.dart
DA:23,0
DA:42,0
DA:43,0
DA:44,0
DA:45,0
DA:46,0
DA:47,0
DA:48,0
DA:49,0
DA:50,0
DA:51,0
DA:52,0
DA:53,0
DA:54,0
DA:55,0
DA:56,0
DA:57,0
DA:58,0
DA:60,0
DA:61,0
LF:20
LH:0
end_of_record
SF:lib\http\fetch_penjualan_offline.dart
DA:7,0
DA:8,0
DA:9,0
DA:10,0
DA:13,0
DA:14,0
DA:16,0
LF:7
LH:0
end_of_record
SF:lib\http\fetch_pesanan_pembeli.dart
DA:10,0
DA:11,0
DA:12,0
DA:13,0
DA:15,0
DA:16,0
DA:18,0
DA:20,0
DA:22,0
DA:23,0
LF:10
LH:0
end_of_record
SF:lib\http\fetch_riwayat_transaksi.dart
DA:8,0
DA:9,0
DA:10,0
DA:11,0
DA:13,0
DA:14,0
DA:16,0
DA:17,0
DA:18,0
DA:20,0
DA:21,0
LF:11
LH:0
end_of_record
SF:lib\http\login_with_token.dart
DA:8,0
DA:10,0
DA:12,0
DA:15,0
DA:17,0
DA:19,0
DA:20,0
DA:21,0
DA:22,0
DA:25,0
DA:26,0
LF:11
LH:0
end_of_record
SF:lib\model\user_model.dart
DA:10,2
DA:18,0
DA:19,0
DA:20,0
DA:22,0
DA:23,0
DA:24,0
DA:25,0
DA:26,0
LF:9
LH:1
end_of_record
SF:lib\http\update_menu_kelola.dart
DA:6,0
DA:7,0
DA:8,0
DA:9,0
DA:10,0
DA:11,0
DA:17,0
DA:18,0
DA:21,0
DA:26,0
DA:28,0
DA:29,0
DA:30,0
DA:31,0
DA:37,0
DA:38,0
DA:39,0
DA:40,0
DA:41,0
DA:43,0
DA:44,0
DA:45,0
DA:46,0
DA:51,0
DA:57,0
DA:58,0
DA:59,0
DA:60,0
DA:63,0
LF:29
LH:0
end_of_record
SF:lib\http\update_menu_tenant.dart
DA:4,0
DA:5,0
DA:6,0
DA:7,0
DA:8,0
DA:10,0
DA:11,0
LF:7
LH:0
end_of_record
SF:lib\http\update_pengantaran.dart
DA:6,0
DA:7,0
DA:8,0
DA:9,0
DA:10,0
DA:12,0
DA:13,0
LF:7
LH:0
end_of_record
SF:lib\http\update_pesanan.dart
DA:29,0
DA:31,0
DA:32,0
DA:33,0
DA:34,0
DA:36,0
DA:37,0
DA:38,0
DA:39,0
DA:42,0
DA:44,0
DA:45,0
DA:46,0
DA:48,0
DA:49,0
DA:52,0
DA:53,0
DA:56,0
DA:57,0
LF:19
LH:0
end_of_record
SF:lib\model\fitur_model.dart
DA:13,2
DA:23,0
DA:24,0
DA:25,0
DA:26,0
DA:27,0
DA:28,0
DA:29,0
DA:30,0
LF:9
LH:1
end_of_record
SF:lib\model\kategori_menu_model.dart
DA:6,0
DA:12,0
DA:13,0
DA:14,0
DA:15,0
LF:5
LH:0
end_of_record
SF:lib\model\transaksi_detail_model.dart
DA:16,0
DA:30,0
DA:31,0
DA:32,0
DA:33,0
DA:34,0
DA:35,0
DA:36,0
DA:37,0
DA:38,0
DA:39,0
DA:40,0
DA:41,0
DA:44,0
LF:14
LH:0
end_of_record
SF:lib\provider\auth_provider.dart
DA:14,0
DA:16,1
DA:18,2
DA:22,1
DA:27,0
DA:29,0
DA:30,0
DA:31,0
DA:32,0
DA:35,0
DA:40,0
DA:42,0
DA:43,0
DA:44,0
DA:45,0
DA:48,0
DA:53,0
DA:57,0
DA:58,0
DA:60,0
DA:61,0
DA:62,0
DA:64,0
DA:65,0
DA:68,0
LF:25
LH:3
end_of_record
SF:lib\services\auth_futrue.dart
DA:14,1
DA:16,1
DA:17,1
DA:18,2
DA:19,1
DA:22,2
DA:23,0
DA:25,0
DA:27,0
DA:28,0
DA:30,0
DA:31,0
DA:37,0
DA:39,0
DA:40,0
DA:41,0
DA:42,0
DA:45,0
DA:46,0
DA:48,0
DA:49,0
DA:50,0
DA:51,0
DA:54,0
DA:55,0
DA:57,0
DA:58,0
DA:64,0
DA:66,0
DA:67,0
DA:68,0
DA:70,0
DA:74,0
DA:75,0
DA:77,0
DA:79,0
DA:80,0
DA:82,0
DA:83,0
LF:39
LH:6
end_of_record
SF:lib\views\common\token_manager.dart
DA:7,0
DA:8,0
DA:9,0
DA:12,0
DA:13,0
DA:14,0
DA:17,0
DA:18,0
DA:19,0
LF:9
LH:0
end_of_record
SF:lib\provider\kasir_provider.dart
DA:14,0
DA:25,0
DA:28,0
DA:29,0
DA:30,0
DA:33,0
DA:34,0
DA:38,0
DA:39,0
DA:41,0
DA:42,0
DA:45,0
DA:49,0
DA:51,0
DA:52,0
DA:54,0
DA:56,0
DA:59,0
DA:60,0
DA:61,0
DA:63,0
DA:64,0
DA:65,0
DA:66,0
DA:67,0
DA:68,0
DA:71,0
DA:72,0
DA:75,0
DA:76,0
DA:80,0
DA:81,0
DA:91,0
DA:92,0
DA:93,0
DA:96,0
DA:97,0
DA:100,0
DA:101,0
DA:104,0
DA:105,0
DA:106,0
DA:109,0
DA:110,0
DA:111,0
DA:113,0
DA:115,0
DA:118,0
DA:119,0
DA:120,0
DA:121,0
DA:122,0
DA:123,0
DA:126,0
DA:127,0
DA:130,0
DA:131,0
DA:132,0
DA:133,0
DA:134,0
DA:137,0
DA:138,0
DA:141,0
DA:142,0
DA:143,0
DA:144,0
DA:147,0
DA:148,0
DA:152,0
DA:153,0
DA:154,0
DA:157,0
DA:158,0
DA:159,0
DA:160,0
DA:161,0
DA:163,0
DA:164,0
DA:167,0
DA:169,0
LF:80
LH:0
end_of_record
SF:lib\provider\katalog_menu_provider.dart
DA:16,0
DA:17,0
DA:21,0
DA:22,0
DA:24,0
DA:25,0
DA:28,0
DA:32,0
DA:36,0
DA:38,0
DA:39,0
LF:11
LH:0
end_of_record
SF:lib\theme\colors.dart
DA:3,0
DA:5,0
DA:7,0
DA:9,0
DA:11,0
DA:13,0
DA:15,0
LF:7
LH:0
end_of_record
SF:lib\views\common\format_currency.dart
DA:4,0
DA:5,0
DA:10,0
LF:3
LH:0
end_of_record
SF:lib\views\common\format_date.dart
DA:4,0
DA:5,0
DA:6,0
DA:9,0
DA:11,0
DA:12,0
DA:15,0
LF:7
LH:0
end_of_record
SF:lib\views\components\appbar.dart
DA:13,5
DA:21,0
DA:23,0
DA:26,0
DA:27,0
DA:28,0
DA:30,0
DA:31,0
DA:34,0
DA:35,0
DA:36,0
DA:37,0
DA:38,0
DA:41,0
DA:44,0
DA:45,0
DA:46,0
DA:49,0
DA:54,0
DA:60,0
DA:61,0
DA:62,0
DA:63,0
DA:64,0
DA:65,0
DA:70,0
DA:71,0
DA:72,0
DA:73,0
DA:74,0
DA:79,0
DA:80,0
DA:81,0
DA:82,0
DA:83,0
DA:91,0
DA:97,0
DA:98,0
DA:99,0
DA:100,0
DA:101,0
DA:102,0
DA:107,0
DA:108,0
DA:109,0
DA:110,0
DA:111,0
DA:119,0
DA:125,0
DA:126,0
DA:127,0
DA:128,0
DA:129,0
DA:130,0
DA:135,0
DA:136,0
DA:137,0
DA:138,0
DA:139,0
DA:146,0
DA:148,0
DA:154,0
DA:159,0
DA:161,0
DA:162,0
DA:166,0
LF:66
LH:1
end_of_record
SF:lib\views\theme.dart
DA:3,6
DA:5,6
DA:9,8
DA:11,8
DA:13,0
DA:14,0
DA:15,0
DA:17,0
DA:18,8
DA:19,4
DA:20,8
DA:21,0
DA:23,0
DA:24,0
DA:25,0
DA:26,0
DA:27,0
LF:17
LH:7
end_of_record
SF:lib\views\components\custom_snackbar.dart
DA:8,3
DA:9,3
DA:10,3
DA:11,3
DA:19,3
DA:20,3
DA:29,6
LF:7
LH:7
end_of_record
SF:lib\views\components\pesanan_pembeli_tile.dart
DA:14,0
DA:19,0
DA:21,0
DA:25,0
DA:26,0
DA:29,0
DA:30,0
DA:31,0
DA:33,0
DA:38,0
DA:40,0
DA:41,0
DA:42,0
DA:43,0
DA:44,0
DA:45,0
DA:46,0
DA:48,0
DA:54,0
DA:56,0
DA:57,0
DA:59,0
DA:65,0
DA:66,0
DA:69,0
DA:70,0
DA:72,0
DA:77,0
DA:78,0
DA:83,0
DA:84,0
DA:85,0
DA:86,0
DA:88,0
LF:34
LH:0
end_of_record
SF:lib\views\components\search_widget.dart
DA:190,1
DA:198,1
DA:200,1
DA:201,1
DA:208,1
DA:210,1
DA:211,4
DA:212,2
DA:214,2
DA:215,0
DA:216,0
DA:218,0
DA:223,1
DA:225,2
DA:226,2
DA:227,1
DA:230,1
DA:232,1
DA:233,1
DA:234,2
DA:235,2
DA:237,1
DA:238,1
DA:239,1
DA:240,1
DA:241,1
DA:247,1
DA:249,1
DA:250,1
DA:251,1
DA:257,2
DA:258,1
DA:259,2
DA:260,1
DA:262,1
DA:263,1
DA:264,1
DA:265,1
DA:271,2
DA:272,1
DA:278,1
DA:280,1
DA:282,1
DA:284,1
DA:286,1
DA:288,1
LF:46
LH:43
end_of_record
SF:lib\views\components\switch_route.dart
DA:10,0
DA:12,0
DA:13,0
DA:14,0
DA:15,0
DA:16,0
DA:17,0
DA:18,0
DA:19,0
DA:20,0
DA:21,0
DA:22,0
DA:23,0
LF:13
LH:0
end_of_record
SF:lib\views\home\pages\beranda\home_page.dart
DA:21,2
DA:23,1
DA:24,1
DA:32,1
DA:33,2
DA:34,3
DA:37,0
DA:38,0
DA:39,0
DA:40,0
DA:41,0
DA:43,0
DA:45,0
DA:47,0
DA:63,0
DA:64,0
DA:65,0
DA:66,0
DA:67,0
DA:68,0
DA:72,0
DA:75,0
DA:84,1
DA:86,1
DA:87,5
DA:90,1
DA:92,4
DA:93,5
DA:95,3
DA:96,3
DA:110,1
DA:117,1
DA:118,1
DA:119,1
DA:123,1
DA:125,1
DA:126,1
DA:128,1
DA:129,1
DA:130,1
DA:131,1
DA:135,1
DA:139,0
DA:140,0
DA:141,0
DA:142,0
DA:144,0
DA:145,0
DA:146,0
DA:147,0
DA:148,0
DA:149,0
DA:151,0
DA:152,0
DA:153,0
DA:154,0
DA:155,0
DA:157,0
DA:158,0
DA:159,0
DA:167,1
DA:172,1
DA:174,1
DA:175,1
DA:176,3
DA:177,1
DA:179,1
DA:180,1
DA:183,1
DA:185,1
DA:186,1
DA:188,1
DA:194,1
DA:195,1
DA:196,1
DA:197,1
DA:198,0
DA:199,0
DA:200,0
DA:201,0
DA:203,0
DA:204,0
DA:205,0
DA:206,0
DA:208,0
DA:217,0
DA:218,0
DA:219,0
DA:221,1
DA:222,2
DA:223,1
DA:224,2
DA:225,0
DA:226,0
DA:228,0
DA:231,2
DA:232,0
DA:233,0
DA:234,0
DA:237,2
DA:238,0
DA:239,0
DA:246,2
DA:247,1
DA:257,1
DA:258,1
DA:259,1
DA:260,4
DA:262,1
DA:263,1
DA:264,1
DA:265,1
LF:112
LH:58
end_of_record
SF:lib\views\tenant\pages\kasir\kasir_page.dart
DA:11,1
DA:13,0
DA:16,0
DA:17,0
DA:19,0
DA:20,0
DA:21,0
DA:22,0
DA:23,0
DA:24,0
DA:26,0
DA:30,0
DA:31,0
DA:32,0
DA:33,0
DA:34,0
DA:35,0
DA:36,0
DA:41,0
DA:42,0
LF:20
LH:1
end_of_record
SF:lib\views\home\pages\profile\profile_page.dart
DA:9,1
DA:11,0
DA:12,0
DA:16,0
DA:18,0
DA:19,0
DA:21,0
DA:22,0
DA:23,0
DA:26,0
DA:27,0
DA:28,0
DA:30,0
DA:39,0
DA:40,0
DA:44,0
DA:45,0
DA:46,0
DA:50,0
DA:52,0
DA:59,0
DA:60,0
DA:61,0
DA:72,0
DA:76,0
DA:77,0
DA:78,0
DA:79,0
DA:80,0
DA:83,0
DA:89,0
DA:90,0
DA:91,0
DA:105,0
DA:106,0
DA:107,0
DA:109,0
DA:111,0
DA:112,0
DA:113,0
DA:115,0
DA:116,0
DA:120,0
DA:122,0
DA:128,0
DA:129,0
DA:130,0
DA:132,0
DA:137,0
DA:138,0
DA:139,0
DA:141,0
DA:143,0
DA:145,0
DA:149,0
DA:150,0
DA:161,0
DA:163,0
DA:183,0
DA:188,0
DA:190,0
DA:244,0
DA:245,0
DA:246,0
DA:248,0
DA:249,0
DA:250,0
DA:251,0
DA:253,0
DA:255,0
DA:258,0
DA:275,0
DA:277,0
DA:278,0
DA:279,0
DA:280,0
DA:282,0
DA:283,0
DA:285,0
DA:287,0
DA:293,0
DA:294,0
DA:304,0
DA:305,0
DA:306,0
DA:307,0
DA:309,0
DA:310,0
DA:312,0
DA:314,0
DA:318,0
DA:319,0
DA:321,0
DA:322,0
DA:340,0
DA:341,0
DA:345,0
DA:346,0
DA:347,0
DA:349,0
DA:351,0
DA:353,0
DA:357,0
DA:358,0
DA:369,0
DA:371,0
LF:106
LH:1
end_of_record
SF:lib\views\home\pages\riwayat\riwayat_page_as_role.dart
DA:9,1
DA:11,0
DA:14,0
DA:15,0
DA:17,0
DA:19,0
DA:20,0
DA:22,0
DA:23,0
DA:25,0
DA:26,0
DA:29,0
DA:30,0
DA:31,0
DA:32,0
DA:35,0
DA:37,0
DA:39,0
DA:41,0
DA:45,0
LF:20
LH:1
end_of_record
SF:lib\views\masbro\pages\pengantaran_page.dart
DA:15,1
DA:17,0
DA:18,0
DA:26,0
DA:27,0
DA:29,0
DA:30,0
DA:31,0
DA:33,0
DA:43,0
DA:48,0
DA:49,0
DA:51,0
DA:52,0
DA:54,0
DA:67,0
DA:69,0
DA:70,0
DA:71,0
DA:73,0
DA:74,0
DA:75,0
DA:79,0
DA:81,0
DA:82,0
DA:84,0
DA:85,0
DA:86,0
DA:87,0
DA:88,0
DA:89,0
DA:90,0
DA:91,0
DA:97,0
DA:99,0
DA:100,0
DA:102,0
DA:104,0
DA:105,0
DA:106,0
DA:110,0
DA:112,0
DA:115,0
DA:119,0
DA:120,0
DA:121,0
DA:122,0
DA:123,0
DA:124,0
DA:128,0
DA:129,0
DA:130,0
DA:131,0
DA:141,0
DA:142,0
DA:143,0
DA:145,0
DA:147,0
DA:151,0
DA:152,0
DA:154,0
DA:156,0
DA:163,0
DA:165,0
DA:166,0
DA:167,0
DA:168,0
DA:169,0
DA:170,0
DA:171,0
DA:172,0
DA:173,0
DA:175,0
DA:176,0
DA:178,0
DA:179,0
DA:187,0
DA:188,0
DA:189,0
DA:190,0
DA:193,0
DA:194,0
DA:195,0
DA:196,0
DA:197,0
DA:198,0
DA:199,0
DA:201,0
DA:202,0
DA:204,0
DA:205,0
DA:213,0
DA:214,0
DA:215,0
DA:216,0
LF:95
LH:1
end_of_record
SF:lib\views\tenant\pages\pesanan\pesanan_page.dart
DA:15,1
DA:17,0
DA:18,0
DA:26,0
DA:27,0
DA:29,0
DA:30,0
DA:31,0
DA:33,0
DA:43,0
DA:48,0
DA:49,0
DA:51,0
DA:52,0
DA:55,0
DA:60,0
DA:61,0
DA:62,0
DA:64,0
DA:65,0
DA:67,0
DA:80,0
DA:82,0
DA:83,0
DA:84,0
DA:86,0
DA:87,0
DA:88,0
DA:92,0
DA:94,0
DA:95,0
DA:97,0
DA:98,0
DA:99,0
DA:100,0
DA:101,0
DA:102,0
DA:107,0
DA:109,0
DA:110,0
DA:112,0
DA:114,0
DA:115,0
DA:118,0
DA:120,0
DA:121,0
DA:126,0
DA:128,0
DA:129,0
DA:130,0
DA:131,0
DA:132,0
DA:133,0
DA:137,0
DA:138,0
DA:139,0
DA:140,0
DA:150,0
DA:151,0
DA:152,0
DA:154,0
DA:155,0
DA:160,0
DA:161,0
DA:163,0
DA:164,0
DA:172,0
DA:174,0
DA:175,0
DA:176,0
DA:177,0
DA:178,0
DA:179,0
DA:180,0
DA:181,0
DA:182,0
DA:184,0
DA:185,0
DA:187,0
DA:188,0
DA:196,0
DA:197,0
DA:198,0
DA:199,0
DA:200,0
DA:203,0
DA:204,0
DA:206,0
DA:207,0
DA:208,0
DA:211,0
DA:212,0
DA:213,0
DA:214,0
DA:215,0
DA:217,0
DA:218,0
DA:220,0
DA:221,0
DA:229,0
DA:230,0
DA:231,0
LF:102
LH:1
end_of_record
SF:lib\views\home\pages\navbar_home.dart
DA:14,15
DA:16,0
DA:17,0
DA:23,0
DA:25,0
DA:26,0
DA:29,0
DA:31,0
DA:32,0
DA:35,0
DA:37,0
DA:38,0
DA:39,0
DA:42,0
DA:45,0
DA:46,0
DA:47,0
DA:48,0
DA:49,0
DA:50,0
DA:53,0
DA:55,0
DA:56,0
DA:57,0
DA:59,0
DA:60,0
DA:62,0
DA:63,0
DA:68,0
DA:70,0
DA:71,0
DA:73,0
DA:74,0
DA:79,0
DA:81,0
DA:84,0
DA:85,0
DA:86,0
DA:91,0
DA:92,0
DA:93,0
DA:95,0
DA:96,0
DA:100,0
DA:104,0
DA:107,0
DA:111,0
DA:112,0
DA:113,0
DA:115,0
DA:117,0
DA:118,0
DA:119,0
DA:122,0
DA:134,0
DA:135,0
DA:137,0
DA:139,0
LF:58
LH:1
end_of_record
SF:lib\views\home\widgets\carousel_widget.dart
DA:5,1
DA:6,1
DA:19,1
DA:21,1
DA:26,1
DA:27,1
DA:28,1
DA:29,1
DA:35,0
DA:36,0
DA:37,0
DA:41,3
DA:42,1
DA:43,1
DA:45,1
DA:49,1
DA:51,4
DA:52,1
DA:59,1
DA:61,2
DA:74,1
DA:75,1
DA:81,1
DA:83,1
LF:24
LH:21
end_of_record
SF:lib\views\home\pages\keranjang\cart_page.dart
DA:22,10
DA:24,0
DA:44,0
DA:45,0
DA:46,0
DA:47,0
DA:48,0
DA:52,0
DA:53,0
DA:56,0
DA:57,0
DA:63,0
DA:65,0
DA:67,0
DA:68,0
DA:69,0
DA:71,0
DA:74,0
DA:75,0
DA:78,0
DA:79,0
DA:81,0
DA:87,0
DA:88,0
DA:91,0
DA:93,0
DA:94,0
DA:96,0
DA:97,0
DA:98,0
DA:99,0
DA:102,0
DA:104,0
DA:111,0
DA:117,0
DA:118,0
DA:122,0
DA:123,0
DA:125,0
DA:126,0
DA:128,0
DA:129,0
DA:130,0
DA:131,0
DA:132,0
DA:134,0
DA:139,0
DA:142,0
DA:143,0
DA:144,0
DA:145,0
DA:154,0
DA:155,0
DA:156,0
DA:158,0
DA:159,0
DA:160,0
DA:162,0
DA:163,0
DA:164,0
DA:165,0
DA:166,0
DA:167,0
DA:168,0
DA:176,0
DA:177,0
DA:178,0
DA:179,0
DA:180,0
DA:181,0
DA:182,0
DA:183,0
DA:184,0
DA:188,0
DA:190,0
DA:194,0
DA:195,0
DA:196,0
DA:207,0
DA:208,0
DA:209,0
DA:210,0
DA:211,0
DA:214,0
DA:215,0
DA:216,0
DA:218,0
DA:220,0
DA:223,0
DA:224,0
DA:225,0
DA:227,0
DA:228,0
DA:229,0
DA:230,0
DA:233,0
DA:234,0
DA:235,0
DA:239,0
DA:241,0
DA:242,0
DA:244,0
DA:247,0
DA:249,0
DA:250,0
DA:252,0
DA:256,0
DA:257,0
DA:263,0
DA:264,0
DA:266,0
DA:267,0
DA:269,0
DA:270,0
DA:274,0
DA:277,0
DA:279,0
DA:280,0
DA:283,0
DA:287,0
DA:291,0
DA:292,0
DA:298,0
DA:300,0
DA:301,0
DA:303,0
DA:304,0
DA:312,0
DA:313,0
DA:315,0
DA:323,0
DA:325,0
LF:132
LH:1
end_of_record
SF:lib\views\home\widgets\custom_alert.dart
DA:15,0
DA:27,0
DA:29,0
DA:31,0
DA:33,0
DA:34,0
DA:35,0
DA:42,0
DA:43,0
DA:49,0
DA:50,0
DA:52,0
DA:53,0
DA:54,0
DA:55,0
DA:56,0
DA:57,0
DA:58,0
DA:59,0
DA:60,0
DA:61,0
DA:65,0
DA:69,0
DA:70,0
DA:71,0
DA:72,0
DA:76,0
DA:77,0
DA:78,0
DA:79,0
DA:80,0
DA:81,0
DA:82,0
DA:83,0
DA:84,0
DA:85,0
DA:86,0
DA:90,0
DA:93,0
DA:97,0
DA:98,0
DA:99,0
DA:100,0
DA:107,0
DA:108,0
LF:45
LH:0
end_of_record
SF:lib\views\home\widgets\list_cart.dart
DA:16,0
DA:22,0
DA:24,0
DA:26,0
DA:37,0
DA:49,0
DA:51,0
DA:53,0
DA:54,0
DA:58,0
DA:59,0
DA:62,0
DA:63,0
DA:64,0
DA:65,0
DA:66,0
DA:76,0
DA:77,0
DA:79,0
DA:81,0
DA:82,0
DA:83,0
DA:86,0
DA:89,0
DA:92,0
DA:93,0
DA:94,0
DA:96,0
DA:104,0
DA:105,0
DA:108,0
DA:116,0
DA:118,0
DA:119,0
DA:120,0
DA:121,0
DA:122,0
DA:123,0
DA:126,0
DA:127,0
DA:128,0
DA:130,0
DA:132,0
DA:133,0
DA:134,0
DA:135,0
DA:137,0
DA:138,0
DA:139,0
DA:140,0
DA:141,0
DA:142,0
DA:146,0
DA:147,0
DA:148,0
DA:149,0
DA:150,0
DA:151,0
DA:152,0
DA:167,0
DA:168,0
DA:169,0
DA:170,0
DA:171,0
DA:172,0
DA:173,0
DA:175,0
DA:176,0
DA:177,0
DA:178,0
DA:179,0
DA:180,0
DA:181,0
DA:185,0
DA:187,0
DA:191,0
DA:192,0
DA:197,0
DA:198,0
DA:200,0
DA:201,0
DA:202,0
DA:203,0
DA:204,0
DA:205,0
DA:206,0
DA:210,0
DA:212,0
DA:218,0
DA:219,0
DA:220,0
DA:222,0
DA:225,0
DA:228,0
DA:231,0
DA:233,0
DA:234,0
LF:97
LH:0
end_of_record
SF:lib\views\home\widgets\pilih_tipe_pemesanan.dart
DA:10,0
DA:17,0
DA:19,0
DA:20,0
DA:21,0
DA:34,0
DA:35,0
DA:36,0
DA:37,0
DA:40,0
DA:45,0
DA:71,0
DA:72,0
DA:73,0
DA:74,0
DA:77,0
DA:78,0
DA:81,0
DA:83,0
DA:84,0
DA:85,0
DA:88,0
DA:91,0
DA:92,0
DA:93,0
DA:95,0
DA:96,0
DA:100,0
DA:101,0
DA:102,0
DA:105,0
DA:115,0
LF:32
LH:0
end_of_record
SF:lib\views\home\widgets\pilihan_lokasi_ruangan.dart
DA:14,0
DA:21,0
DA:23,0
DA:24,0
DA:25,0
DA:26,0
DA:39,0
DA:40,0
DA:41,0
DA:42,0
DA:43,0
DA:47,0
DA:52,0
DA:78,0
DA:79,0
DA:80,0
DA:81,0
DA:82,0
DA:83,0
DA:84,0
DA:87,0
DA:90,0
DA:91,0
DA:92,0
DA:94,0
DA:99,0
DA:100,0
DA:101,0
DA:102,0
DA:103,0
DA:104,0
DA:105,0
DA:106,0
DA:112,0
LF:34
LH:0
end_of_record
SF:lib\views\home\widgets\ringkasan_pembayaran_cart.dart
DA:10,0
DA:12,0
DA:13,0
DA:46,0
DA:48,0
DA:51,0
DA:52,0
DA:54,0
DA:62,0
DA:65,0
DA:66,0
DA:68,0
DA:72,0
DA:73,0
DA:74,0
DA:75,0
DA:76,0
DA:78,0
DA:89,0
DA:92,0
DA:93,0
DA:95,0
DA:99,0
DA:100,0
DA:101,0
DA:103,0
DA:112,0
DA:113,0
DA:116,0
DA:117,0
DA:119,0
DA:124,0
DA:125,0
DA:126,0
DA:127,0
DA:128,0
DA:129,0
DA:134,0
DA:135,0
DA:138,0
DA:147,0
DA:150,0
DA:156,0
DA:159,0
DA:160,0
DA:162,0
DA:167,0
DA:168,0
DA:169,0
DA:171,0
DA:174,0
LF:51
LH:0
end_of_record
SF:lib\views\home\widgets\sukses_order.dart
DA:10,6
DA:12,0
DA:15,0
DA:16,0
DA:18,0
DA:19,0
DA:21,0
DA:22,0
DA:23,0
DA:27,0
DA:31,0
DA:32,0
DA:33,0
DA:34,0
DA:35,0
DA:36,0
DA:37,0
DA:39,0
DA:41,0
DA:42,0
DA:44,0
DA:53,0
DA:63,0
DA:65,0
DA:67,0
DA:68,0
DA:71,0
DA:72,0
DA:73,0
DA:74,0
DA:75,0
DA:79,0
DA:83,0
DA:85,0
DA:87,0
DA:89,0
DA:98,0
DA:101,0
DA:102,0
DA:103,0
DA:104,0
DA:105,0
DA:106,0
DA:107,0
DA:110,0
DA:113,0
DA:114,0
DA:116,0
DA:117,0
LF:49
LH:1
end_of_record
SF:lib\views\tenant\widgets\ringkasan_pembayaran_kasir.dart
DA:9,0
DA:11,0
DA:12,0
DA:45,0
DA:47,0
DA:50,0
DA:51,0
DA:53,0
DA:61,0
DA:64,0
DA:65,0
DA:67,0
DA:71,0
DA:72,0
DA:73,0
DA:74,0
DA:75,0
DA:77,0
DA:88,0
DA:91,0
DA:92,0
DA:94,0
DA:98,0
DA:99,0
DA:100,0
DA:102,0
DA:111,0
DA:112,0
DA:115,0
DA:116,0
DA:118,0
DA:123,0
DA:124,0
DA:125,0
DA:126,0
DA:127,0
DA:128,0
DA:133,0
DA:134,0
DA:137,0
DA:146,0
DA:149,0
DA:155,0
DA:158,0
DA:159,0
DA:161,0
DA:166,0
DA:167,0
DA:168,0
DA:170,0
DA:173,0
LF:51
LH:0
end_of_record
SF:lib\views\home\pages\riwayat\detail_riwayat.dart
DA:15,0
DA:21,0
DA:22,0
DA:23,0
DA:26,0
DA:29,0
DA:32,0
DA:34,0
DA:35,0
DA:36,0
DA:37,0
DA:42,0
DA:44,0
DA:45,0
DA:47,0
DA:52,0
DA:53,0
DA:54,0
DA:55,0
DA:56,0
DA:57,0
DA:61,0
DA:67,0
DA:69,0
DA:70,0
DA:75,0
DA:77,0
DA:78,0
DA:79,0
DA:80,0
DA:81,0
DA:82,0
DA:88,0
DA:90,0
DA:91,0
DA:95,0
DA:97,0
DA:99,0
DA:100,0
DA:102,0
DA:103,0
DA:105,0
DA:111,0
DA:113,0
DA:114,0
DA:115,0
DA:116,0
DA:117,0
DA:125,0
DA:127,0
DA:128,0
DA:132,0
DA:134,0
DA:135,0
DA:136,0
DA:137,0
DA:139,0
DA:143,0
DA:144,0
DA:145,0
DA:146,0
DA:147,0
DA:148,0
DA:150,0
DA:151,0
DA:153,0
DA:154,0
DA:156,0
DA:158,0
DA:159,0
DA:160,0
DA:161,0
DA:162,0
DA:166,0
DA:167,0
DA:168,0
DA:171,0
DA:172,0
DA:180,0
DA:182,0
DA:183,0
DA:187,0
DA:189,0
DA:190,0
DA:194,0
DA:196,0
DA:197,0
DA:200,0
DA:201,0
DA:203,0
DA:204,0
DA:208,0
DA:209,0
DA:210,0
DA:212,0
DA:213,0
DA:222,0
DA:223,0
DA:226,0
DA:227,0
DA:229,0
DA:230,0
DA:235,0
DA:236,0
DA:237,0
DA:238,0
DA:239,0
DA:240,0
DA:241,0
DA:247,0
DA:248,0
DA:251,0
DA:252,0
DA:259,0
DA:262,0
DA:265,0
DA:266,0
DA:268,0
DA:269,0
DA:274,0
DA:275,0
DA:276,0
DA:278,0
DA:279,0
DA:289,0
DA:291,0
DA:292,0
DA:296,0
DA:298,0
DA:300,0
DA:301,0
DA:303,0
DA:304,0
DA:306,0
DA:312,0
DA:313,0
DA:314,0
DA:316,0
DA:317,0
DA:319,0
DA:325,0
DA:326,0
DA:327,0
DA:328,0
DA:330,0
DA:338,0
DA:339,0
DA:340,0
DA:342,0
DA:343,0
DA:345,0
DA:351,0
DA:352,0
DA:355,0
DA:356,0
DA:357,0
DA:358,0
DA:360,0
DA:368,0
DA:369,0
DA:370,0
DA:372,0
DA:373,0
DA:375,0
DA:381,0
DA:382,0
DA:383,0
DA:384,0
DA:385,0
DA:387,0
LF:170
LH:0
end_of_record
SF:lib\views\home\pages\riwayat\riwayat_page.dart
DA:18,5
DA:20,0
DA:21,0
DA:28,0
DA:30,0
DA:31,0
DA:34,0
DA:35,0
DA:36,0
DA:39,0
DA:40,0
DA:41,0
DA:42,0
DA:43,0
DA:44,0
DA:48,0
DA:49,0
DA:50,0
DA:53,0
DA:55,0
DA:56,0
DA:57,0
DA:58,0
DA:59,0
DA:60,0
DA:61,0
DA:62,0
DA:63,0
DA:67,0
DA:68,0
DA:69,0
DA:70,0
DA:71,0
DA:73,0
DA:74,0
DA:76,0
DA:77,0
DA:85,0
DA:86,0
DA:88,0
DA:89,0
DA:91,0
DA:95,0
DA:96,0
DA:97,0
DA:98,0
DA:99,0
DA:100,0
DA:101,0
DA:103,0
DA:108,0
DA:114,0
DA:116,0
DA:120,0
DA:122,0
DA:124,0
DA:125,0
DA:130,0
DA:133,0
DA:134,0
DA:135,0
DA:137,0
DA:138,0
DA:139,0
DA:140,0
DA:150,0
DA:153,0
DA:154,0
DA:155,0
DA:156,0
DA:157,0
DA:159,0
DA:163,0
DA:164,0
DA:165,0
DA:166,0
DA:167,0
DA:169,0
DA:173,0
DA:174,0
DA:175,0
DA:176,0
DA:178,0
DA:186,0
DA:189,0
DA:190,0
DA:194,0
DA:197,0
DA:200,0
DA:201,0
DA:202,0
DA:203,0
DA:204,0
DA:205,0
DA:210,0
DA:211,0
DA:212,0
DA:213,0
DA:214,0
DA:215,0
DA:216,0
DA:217,0
DA:231,0
LF:103
LH:1
end_of_record
SF:lib\views\home\widgets\bottom_sheet_catatan.dart
DA:4,0
DA:6,0
DA:8,0
DA:16,0
DA:17,0
DA:18,0
DA:19,0
DA:21,0
DA:23,0
DA:26,0
DA:27,0
DA:29,0
DA:35,0
DA:45,0
DA:59,0
DA:60,0
DA:62,0
DA:63,0
DA:65,0
LF:19
LH:0
end_of_record
SF:lib\views\home\widgets\bottom_sheet_detail_menu.dart
DA:20,0
DA:32,0
DA:35,0
DA:37,0
DA:39,0
DA:47,0
DA:48,0
DA:49,0
DA:50,0
DA:52,0
DA:59,0
DA:62,0
DA:64,0
DA:71,0
DA:72,0
DA:73,0
DA:77,0
DA:78,0
DA:79,0
DA:81,0
DA:82,0
DA:83,0
DA:84,0
DA:92,0
DA:93,0
DA:94,0
DA:101,0
DA:102,0
DA:103,0
DA:111,0
DA:112,0
DA:113,0
DA:115,0
DA:120,0
DA:135,0
DA:136,0
DA:138,0
DA:139,0
DA:140,0
DA:141,0
DA:142,0
DA:143,0
DA:147,0
DA:148,0
DA:149,0
DA:150,0
DA:151,0
DA:152,0
DA:153,0
DA:157,0
DA:160,0
DA:161,0
DA:162,0
DA:163,0
DA:165,0
DA:166,0
DA:171,0
DA:172,0
DA:173,0
DA:174,0
LF:60
LH:0
end_of_record
SF:lib\views\home\widgets\bottom_sheet_keranjang.dart
DA:18,0
DA:23,0
DA:29,0
DA:30,0
DA:31,0
DA:32,0
DA:34,0
DA:36,0
DA:37,0
DA:39,0
DA:41,0
DA:42,0
DA:43,0
DA:44,0
DA:45,0
DA:50,0
DA:51,0
DA:52,0
DA:53,0
DA:54,0
DA:55,0
DA:60,0
DA:61,0
DA:65,0
DA:67,0
DA:68,0
DA:77,0
DA:78,0
DA:79,0
DA:80,0
DA:81,0
DA:86,0
DA:87,0
DA:88,0
DA:89,0
DA:90,0
DA:91,0
DA:96,0
DA:97,0
DA:101,0
DA:103,0
DA:104,0
DA:116,0
DA:135,0
DA:137,0
DA:138,0
DA:139,0
DA:140,0
DA:142,0
DA:144,0
DA:145,0
DA:146,0
DA:152,0
DA:162,0
DA:164,0
DA:167,0
DA:169,0
DA:170,0
DA:171,0
DA:174,0
DA:177,0
DA:178,0
DA:199,0
DA:202,0
DA:204,0
DA:206,0
DA:210,0
DA:213,0
DA:216,0
DA:217,0
DA:219,0
DA:220,0
DA:221,0
DA:222,0
DA:224,0
DA:226,0
DA:228,0
DA:229,0
DA:230,0
DA:231,0
DA:232,0
DA:233,0
DA:234,0
DA:239,0
DA:241,0
DA:243,0
DA:245,0
DA:246,0
DA:247,0
DA:248,0
DA:250,0
DA:251,0
DA:252,0
DA:260,0
DA:279,0
DA:281,0
DA:282,0
DA:283,0
DA:284,0
DA:286,0
DA:288,0
DA:289,0
DA:290,0
DA:296,0
DA:306,0
DA:308,0
DA:311,0
DA:313,0
DA:314,0
DA:315,0
DA:318,0
DA:321,0
DA:322,0
DA:343,0
DA:346,0
DA:348,0
DA:350,0
LF:117
LH:0
end_of_record
SF:lib\views\home\widgets\menu_tenant.dart
DA:20,0
DA:22,0
DA:23,0
DA:35,0
DA:37,0
DA:39,0
DA:40,0
DA:42,0
DA:46,0
DA:48,0
DA:49,0
DA:52,0
DA:53,0
DA:54,0
DA:55,0
DA:56,0
DA:57,0
DA:58,0
DA:60,0
DA:62,0
DA:65,0
DA:82,0
DA:84,0
DA:85,0
DA:86,0
DA:87,0
DA:89,0
DA:91,0
DA:92,0
DA:93,0
DA:100,0
DA:110,0
DA:111,0
DA:112,0
DA:113,0
DA:114,0
DA:115,0
DA:117,0
DA:119,0
DA:120,0
DA:121,0
DA:124,0
DA:127,0
DA:146,0
DA:148,0
DA:149,0
DA:150,0
DA:151,0
DA:152,0
DA:153,0
DA:154,0
DA:155,0
DA:156,0
DA:157,0
DA:160,0
DA:161,0
DA:162,0
DA:163,0
DA:164,0
DA:167,0
DA:171,0
DA:172,0
DA:173,0
DA:174,0
DA:178,0
DA:180,0
DA:181,0
DA:182,0
DA:186,0
DA:192,0
DA:194,0
DA:195,0
DA:196,0
DA:197,0
DA:199,0
DA:204,0
DA:205,0
DA:208,0
DA:209,0
DA:210,0
DA:211,0
DA:213,0
DA:215,0
DA:216,0
DA:218,0
DA:232,0
DA:233,0
DA:234,0
DA:235,0
DA:237,0
DA:238,0
DA:246,0
DA:251,0
DA:252,0
DA:253,0
DA:260,0
DA:262,0
DA:263,0
DA:264,0
DA:265,0
DA:272,0
DA:273,0
DA:274,0
DA:276,0
DA:278,0
DA:279,0
DA:280,0
DA:281,0
DA:282,0
DA:283,0
DA:288,0
DA:289,0
DA:290,0
DA:291,0
DA:292,0
DA:295,0
DA:317,0
DA:318,0
DA:321,0
DA:325,0
DA:326,0
DA:327,0
DA:330,0
DA:331,0
DA:333,0
DA:339,0
DA:340,0
DA:343,0
DA:344,0
DA:346,0
DA:352,0
DA:353,0
DA:354,0
DA:356,0
DA:357,0
DA:365,0
DA:367,0
DA:368,0
DA:369,0
DA:370,0
DA:371,0
DA:372,0
DA:373,0
DA:374,0
DA:375,0
DA:377,0
DA:380,0
DA:381,0
DA:383,0
DA:385,0
DA:386,0
DA:388,0
DA:391,0
DA:396,0
DA:401,0
DA:402,0
DA:403,0
DA:406,0
DA:407,0
DA:408,0
DA:409,0
DA:415,0
DA:416,0
DA:417,0
DA:420,0
DA:421,0
DA:425,0
DA:433,0
DA:434,0
DA:435,0
DA:436,0
DA:437,0
DA:438,0
DA:439,0
DA:442,0
DA:443,0
DA:444,0
DA:445,0
DA:446,0
DA:447,0
DA:451,0
DA:454,0
DA:457,0
DA:458,0
DA:459,0
DA:460,0
DA:461,0
DA:462,0
DA:463,0
DA:464,0
DA:466,0
DA:467,0
DA:474,0
DA:475,0
DA:476,0
DA:479,0
DA:480,0
DA:481,0
DA:482,0
DA:483,0
DA:484,0
DA:489,0
DA:491,0
DA:497,0
DA:498,0
DA:499,0
DA:500,0
DA:501,0
DA:502,0
DA:503,0
DA:505,0
DA:506,0
DA:507,0
DA:509,0
DA:510,0
DA:512,0
DA:513,0
DA:518,0
DA:521,0
DA:524,0
DA:525,0
DA:559,0
DA:565,0
DA:566,0
DA:569,0
DA:570,0
DA:571,0
DA:572,0
DA:573,0
DA:574,0
DA:581,0
DA:587,0
DA:588,0
DA:589,0
DA:590,0
DA:591,0
DA:592,0
DA:593,0
DA:598,0
DA:599,0
DA:600,0
DA:602,0
DA:603,0
DA:604,0
DA:609,0
DA:611,0
DA:619,0
DA:620,0
DA:621,0
DA:622,0
DA:624,0
DA:631,0
DA:632,0
DA:633,0
DA:634,0
DA:635,0
LF:256
LH:0
end_of_record
SF:lib\views\home\widgets\sliver_appbar_shadow_delegate.dart
DA:4,0
DA:7,0
DA:9,0
DA:11,0
DA:12,0
DA:13,0
DA:14,0
DA:20,0
DA:25,0
DA:28,0
DA:31,0
LF:11
LH:0
end_of_record
SF:lib\views\masbro\pages\pesanan_diantar.dart
DA:17,0
DA:22,0
DA:24,0
DA:25,0
DA:29,0
DA:31,0
DA:32,0
DA:33,0
DA:35,0
DA:36,0
DA:37,0
DA:39,0
DA:40,0
DA:42,0
DA:43,0
DA:45,0
DA:47,0
DA:49,0
DA:57,0
DA:59,0
DA:63,0
DA:65,0
DA:67,0
DA:68,0
DA:70,0
DA:72,0
DA:73,0
DA:75,0
DA:76,0
DA:78,0
DA:84,0
DA:86,0
DA:87,0
DA:88,0
DA:90,0
DA:104,0
DA:106,0
DA:108,0
DA:109,0
DA:111,0
DA:112,0
DA:114,0
DA:115,0
DA:117,0
DA:123,0
DA:124,0
DA:125,0
DA:126,0
DA:128,0
DA:134,0
DA:136,0
DA:137,0
DA:139,0
DA:140,0
DA:142,0
DA:148,0
DA:149,0
DA:150,0
DA:151,0
DA:153,0
DA:168,0
DA:170,0
DA:172,0
DA:173,0
DA:175,0
DA:176,0
DA:178,0
DA:184,0
DA:185,0
DA:186,0
DA:187,0
DA:188,0
DA:190,0
DA:196,0
DA:197,0
DA:198,0
DA:199,0
DA:200,0
DA:201,0
DA:203,0
DA:206,0
DA:210,0
DA:211,0
DA:218,0
DA:220,0
DA:222,0
DA:223,0
DA:225,0
DA:226,0
DA:227,0
DA:228,0
DA:229,0
DA:231,0
DA:234,0
DA:235,0
DA:236,0
DA:239,0
DA:240,0
DA:242,0
DA:251,0
DA:253,0
DA:254,0
DA:256,0
DA:257,0
DA:259,0
DA:262,0
DA:263,0
DA:264,0
DA:265,0
DA:267,0
DA:268,0
DA:270,0
DA:279,0
DA:281,0
DA:282,0
DA:284,0
DA:285,0
DA:290,0
DA:291,0
DA:292,0
DA:293,0
DA:294,0
DA:295,0
DA:297,0
DA:303,0
DA:304,0
DA:307,0
DA:309,0
DA:310,0
DA:320,0
DA:323,0
DA:324,0
DA:326,0
DA:327,0
DA:329,0
DA:332,0
DA:333,0
DA:336,0
DA:337,0
DA:339,0
DA:345,0
DA:347,0
DA:348,0
DA:349,0
DA:350,0
DA:351,0
DA:353,0
DA:354,0
DA:355,0
DA:357,0
DA:358,0
DA:360,0
DA:362,0
DA:363,0
DA:365,0
DA:378,0
LF:156
LH:0
end_of_record
SF:lib\views\masbro\pages\pesanan_menunggu.dart
DA:17,0
DA:22,0
DA:24,0
DA:25,0
DA:29,0
DA:31,0
DA:32,0
DA:33,0
DA:35,0
DA:36,0
DA:37,0
DA:39,0
DA:41,0
DA:43,0
DA:44,0
DA:46,0
DA:48,0
DA:50,0
DA:58,0
DA:60,0
DA:64,0
DA:66,0
DA:68,0
DA:69,0
DA:71,0
DA:73,0
DA:74,0
DA:76,0
DA:77,0
DA:79,0
DA:85,0
DA:87,0
DA:88,0
DA:89,0
DA:91,0
DA:105,0
DA:107,0
DA:109,0
DA:110,0
DA:112,0
DA:113,0
DA:115,0
DA:116,0
DA:118,0
DA:124,0
DA:125,0
DA:126,0
DA:127,0
DA:129,0
DA:135,0
DA:137,0
DA:138,0
DA:140,0
DA:141,0
DA:143,0
DA:149,0
DA:150,0
DA:151,0
DA:152,0
DA:154,0
DA:169,0
DA:171,0
DA:173,0
DA:174,0
DA:176,0
DA:177,0
DA:179,0
DA:185,0
DA:186,0
DA:187,0
DA:188,0
DA:189,0
DA:191,0
DA:197,0
DA:198,0
DA:199,0
DA:200,0
DA:201,0
DA:202,0
DA:204,0
DA:207,0
DA:211,0
DA:212,0
DA:219,0
DA:221,0
DA:223,0
DA:224,0
DA:226,0
DA:227,0
DA:228,0
DA:229,0
DA:230,0
DA:232,0
DA:235,0
DA:236,0
DA:237,0
DA:240,0
DA:241,0
DA:243,0
DA:252,0
DA:254,0
DA:255,0
DA:257,0
DA:258,0
DA:260,0
DA:263,0
DA:264,0
DA:265,0
DA:266,0
DA:268,0
DA:269,0
DA:271,0
DA:280,0
DA:282,0
DA:283,0
DA:285,0
DA:286,0
DA:291,0
DA:292,0
DA:293,0
DA:294,0
DA:295,0
DA:296,0
DA:298,0
DA:304,0
DA:305,0
DA:308,0
DA:310,0
DA:311,0
DA:321,0
DA:324,0
DA:325,0
DA:327,0
DA:328,0
DA:330,0
DA:333,0
DA:334,0
DA:337,0
DA:338,0
DA:340,0
DA:346,0
DA:348,0
DA:349,0
DA:350,0
DA:351,0
DA:352,0
DA:354,0
DA:355,0
DA:356,0
DA:358,0
DA:359,0
DA:361,0
DA:363,0
DA:365,0
DA:367,0
DA:369,0
DA:382,0
LF:157
LH:0
end_of_record
SF:lib\views\tenant\pages\edit_menu.dart
DA:19,0
DA:22,0
DA:26,0
DA:27,0
DA:30,0
DA:31,0
DA:32,0
DA:33,0
DA:39,0
DA:58,0
DA:60,0
DA:61,0
DA:62,0
DA:63,0
DA:64,0
DA:65,0
DA:67,0
DA:68,0
DA:69,0
DA:72,0
DA:74,0
DA:76,0
DA:77,0
DA:81,0
DA:82,0
DA:83,0
DA:86,0
DA:88,0
DA:89,0
DA:90,0
DA:92,0
DA:93,0
DA:94,0
DA:98,0
DA:100,0
DA:107,0
DA:113,0
DA:114,0
DA:119,0
DA:120,0
DA:126,0
DA:127,0
DA:129,0
DA:130,0
DA:131,0
DA:132,0
DA:134,0
DA:136,0
DA:139,0
DA:156,0
DA:158,0
DA:159,0
DA:160,0
DA:161,0
DA:163,0
DA:164,0
DA:166,0
DA:167,0
DA:174,0
DA:184,0
DA:185,0
DA:187,0
DA:188,0
DA:189,0
DA:190,0
DA:191,0
DA:193,0
DA:194,0
DA:196,0
DA:197,0
DA:201,0
DA:202,0
DA:205,0
DA:225,0
DA:227,0
DA:233,0
DA:234,0
DA:235,0
DA:237,0
DA:238,0
DA:239,0
DA:241,0
DA:244,0
DA:250,0
DA:252,0
DA:254,0
DA:255,0
DA:257,0
DA:258,0
DA:259,0
DA:278,0
DA:281,0
DA:282,0
DA:283,0
DA:284,0
DA:286,0
DA:289,0
DA:290,0
DA:291,0
DA:292,0
DA:293,0
DA:306,0
DA:307,0
DA:308,0
DA:309,0
DA:311,0
DA:312,0
DA:314,0
DA:316,0
DA:317,0
DA:318,0
DA:320,0
DA:322,0
DA:324,0
DA:328,0
DA:346,0
DA:347,0
DA:348,0
DA:350,0
DA:352,0
DA:354,0
DA:356,0
DA:365,0
DA:366,0
DA:383,0
DA:385,0
DA:394,0
DA:395,0
DA:396,0
DA:398,0
DA:412,0
DA:413,0
DA:415,0
DA:417,0
DA:418,0
DA:423,0
DA:425,0
DA:430,0
DA:431,0
DA:434,0
DA:437,0
DA:438,0
DA:443,0
DA:444,0
DA:445,0
DA:447,0
DA:461,0
DA:462,0
DA:464,0
DA:466,0
DA:467,0
DA:474,0
DA:475,0
DA:476,0
DA:478,0
DA:492,0
DA:494,0
DA:495,0
DA:499,0
DA:501,0
DA:502,0
DA:504,0
DA:505,0
DA:506,0
DA:507,0
DA:508,0
DA:509,0
DA:511,0
DA:512,0
DA:513,0
DA:514,0
DA:522,0
DA:523,0
DA:528,0
DA:530,0
DA:531,0
DA:532,0
DA:534,0
DA:535,0
DA:537,0
DA:538,0
DA:539,0
DA:541,0
DA:545,0
DA:546,0
DA:558,0
DA:559,0
DA:561,0
DA:562,0
DA:564,0
DA:565,0
DA:600,0
DA:601,0
DA:604,0
DA:606,0
DA:608,0
DA:609,0
DA:615,0
DA:616,0
DA:618,0
DA:619,0
DA:620,0
DA:621,0
DA:623,0
DA:625,0
DA:629,0
DA:630,0
DA:632,0
DA:639,0
DA:647,0
DA:648,0
DA:649,0
DA:651,0
DA:653,0
DA:655,0
DA:657,0
DA:665,0
DA:666,0
DA:684,0
DA:685,0
DA:688,0
DA:689,0
DA:690,0
DA:692,0
DA:694,0
DA:699,0
DA:702,0
DA:703,0
DA:704,0
DA:705,0
DA:707,0
DA:709,0
DA:711,0
DA:712,0
DA:713,0
DA:718,0
DA:719,0
DA:720,0
DA:722,0
DA:723,0
DA:724,0
DA:727,0
LF:242
LH:0
end_of_record
SF:lib\views\tenant\pages\kasir\menu_kasir.dart
DA:20,0
DA:23,0
DA:25,0
DA:26,0
DA:32,0
DA:34,0
DA:35,0
DA:38,0
DA:40,0
DA:42,0
DA:43,0
DA:45,0
DA:46,0
DA:47,0
DA:48,0
DA:53,0
DA:54,0
DA:55,0
DA:58,0
DA:59,0
DA:60,0
DA:64,0
DA:65,0
DA:66,0
DA:67,0
DA:68,0
DA:69,0
DA:70,0
DA:71,0
DA:72,0
DA:73,0
DA:75,0
DA:77,0
DA:78,0
DA:79,0
DA:80,0
DA:81,0
DA:84,0
DA:91,0
DA:92,0
DA:95,0
DA:100,0
DA:106,0
DA:107,0
DA:108,0
DA:109,0
DA:110,0
DA:111,0
DA:112,0
DA:117,0
DA:118,0
DA:119,0
DA:121,0
DA:122,0
DA:123,0
DA:128,0
DA:130,0
DA:138,0
DA:139,0
DA:140,0
DA:141,0
DA:143,0
DA:150,0
DA:151,0
DA:152,0
DA:153,0
DA:154,0
LF:67
LH:0
end_of_record
SF:lib\views\tenant\widgets\katalog_menu_tile.dart
DA:14,0
DA:20,0
DA:22,0
DA:24,0
DA:26,0
DA:27,0
DA:28,0
DA:29,0
DA:30,0
DA:31,0
DA:39,0
DA:40,0
DA:42,0
DA:43,0
DA:44,0
DA:47,0
DA:56,0
DA:57,0
DA:58,0
DA:65,0
DA:66,0
DA:67,0
DA:68,0
DA:70,0
DA:71,0
DA:72,0
DA:75,0
DA:76,0
DA:77,0
DA:78,0
DA:80,0
DA:81,0
DA:85,0
DA:87,0
DA:89,0
DA:97,0
DA:99,0
DA:100,0
DA:101,0
DA:102,0
LF:40
LH:0
end_of_record
SF:lib\views\tenant\widgets\menu_tenant_tile.dart
DA:14,0
DA:17,0
DA:19,0
DA:21,0
DA:48,0
DA:50,0
DA:51,0
DA:52,0
DA:53,0
DA:55,0
DA:56,0
DA:57,0
DA:58,0
DA:59,0
DA:60,0
DA:61,0
DA:66,0
DA:67,0
DA:68,0
DA:69,0
DA:71,0
DA:80,0
DA:81,0
DA:83,0
DA:85,0
DA:86,0
DA:87,0
DA:90,0
DA:96,0
DA:97,0
DA:98,0
DA:105,0
DA:106,0
DA:109,0
DA:117,0
DA:119,0
DA:120,0
DA:121,0
DA:122,0
DA:123,0
DA:124,0
DA:125,0
DA:126,0
DA:127,0
DA:128,0
DA:130,0
DA:131,0
DA:132,0
DA:134,0
DA:136,0
DA:141,0
DA:144,0
DA:146,0
DA:147,0
DA:149,0
DA:165,0
DA:167,0
DA:168,0
DA:169,0
DA:170,0
DA:171,0
DA:172,0
DA:182,0
DA:183,0
DA:184,0
DA:185,0
DA:186,0
DA:187,0
DA:188,0
DA:189,0
DA:191,0
DA:192,0
DA:193,0
DA:194,0
DA:195,0
DA:196,0
DA:200,0
DA:202,0
DA:206,0
DA:207,0
DA:208,0
DA:209,0
DA:210,0
DA:211,0
DA:213,0
DA:220,0
DA:221,0
DA:222,0
DA:224,0
DA:225,0
DA:226,0
DA:227,0
DA:228,0
DA:229,0
DA:233,0
DA:235,0
LF:96
LH:0
end_of_record
SF:lib\views\tenant\pages\pesanan\pesanan_diproses.dart
DA:16,0
DA:20,0
DA:22,0
DA:23,0
DA:29,0
DA:31,0
DA:32,0
DA:35,0
DA:38,0
DA:39,0
DA:41,0
DA:42,0
DA:43,0
DA:44,0
DA:45,0
DA:47,0
DA:52,0
DA:53,0
DA:55,0
DA:56,0
DA:57,0
DA:60,0
DA:61,0
DA:62,0
DA:63,0
DA:65,0
DA:67,0
DA:75,0
DA:77,0
DA:81,0
DA:83,0
DA:85,0
DA:86,0
DA:88,0
DA:90,0
DA:91,0
DA:93,0
DA:94,0
DA:96,0
DA:102,0
DA:104,0
DA:107,0
DA:108,0
DA:110,0
DA:124,0
DA:126,0
DA:128,0
DA:129,0
DA:131,0
DA:132,0
DA:134,0
DA:135,0
DA:137,0
DA:143,0
DA:144,0
DA:145,0
DA:146,0
DA:147,0
DA:149,0
DA:155,0
DA:157,0
DA:158,0
DA:160,0
DA:161,0
DA:163,0
DA:169,0
DA:170,0
DA:171,0
DA:172,0
DA:174,0
DA:189,0
DA:191,0
DA:193,0
DA:194,0
DA:196,0
DA:200,0
DA:201,0
DA:202,0
DA:203,0
DA:204,0
DA:206,0
DA:209,0
DA:213,0
DA:214,0
DA:221,0
DA:223,0
DA:225,0
DA:226,0
DA:229,0
DA:230,0
DA:231,0
DA:232,0
DA:233,0
DA:235,0
DA:238,0
DA:239,0
DA:240,0
DA:243,0
DA:244,0
DA:246,0
DA:255,0
DA:259,0
DA:260,0
DA:262,0
DA:263,0
DA:265,0
DA:268,0
DA:269,0
DA:272,0
DA:273,0
DA:275,0
DA:283,0
DA:285,0
DA:286,0
DA:287,0
DA:288,0
DA:289,0
DA:291,0
DA:292,0
DA:294,0
DA:296,0
DA:297,0
DA:299,0
DA:300,0
DA:301,0
DA:303,0
DA:305,0
DA:307,0
DA:329,0
DA:330,0
LF:130
LH:0
end_of_record
SF:lib\views\tenant\pages\pesanan\pesanan_masuk.dart
DA:21,0
DA:27,0
DA:29,0
DA:31,0
DA:32,0
DA:34,0
DA:35,0
DA:36,0
DA:37,0
DA:38,0
DA:40,0
DA:45,0
DA:46,0
DA:48,0
DA:49,0
DA:50,0
DA:52,0
DA:54,0
DA:62,0
DA:64,0
DA:68,0
DA:70,0
DA:72,0
DA:73,0
DA:75,0
DA:77,0
DA:78,0
DA:80,0
DA:81,0
DA:83,0
DA:89,0
DA:91,0
DA:94,0
DA:95,0
DA:97,0
DA:111,0
DA:113,0
DA:115,0
DA:116,0
DA:118,0
DA:119,0
DA:121,0
DA:122,0
DA:124,0
DA:130,0
DA:131,0
DA:132,0
DA:133,0
DA:135,0
DA:141,0
DA:143,0
DA:144,0
DA:146,0
DA:147,0
DA:149,0
DA:155,0
DA:156,0
DA:157,0
DA:158,0
DA:160,0
DA:175,0
DA:177,0
DA:179,0
DA:180,0
DA:182,0
DA:186,0
DA:187,0
DA:188,0
DA:189,0
DA:190,0
DA:192,0
DA:195,0
DA:199,0
DA:200,0
DA:207,0
DA:209,0
DA:211,0
DA:212,0
DA:214,0
DA:215,0
DA:216,0
DA:217,0
DA:218,0
DA:220,0
DA:223,0
DA:224,0
DA:225,0
DA:228,0
DA:229,0
DA:231,0
DA:240,0
DA:243,0
DA:244,0
DA:246,0
DA:247,0
DA:249,0
DA:252,0
DA:253,0
DA:256,0
DA:257,0
DA:259,0
DA:265,0
DA:267,0
DA:314,0
DA:315,0
DA:316,0
DA:318,0
DA:320,0
DA:321,0
DA:322,0
DA:324,0
DA:327,0
DA:329,0
DA:333,0
DA:351,0
DA:355,0
DA:356,0
DA:357,0
DA:358,0
DA:359,0
DA:361,0
DA:363,0
DA:365,0
DA:368,0
DA:380,0
DA:398,0
DA:399,0
DA:401,0
DA:404,0
DA:405,0
DA:407,0
DA:409,0
DA:426,0
DA:428,0
DA:430,0
DA:432,0
DA:433,0
DA:434,0
DA:436,0
DA:438,0
DA:443,0
DA:444,0
DA:445,0
DA:449,0
DA:455,0
DA:457,0
DA:459,0
DA:462,0
DA:469,0
DA:480,0
DA:500,0
DA:501,0
DA:502,0
DA:510,0
DA:512,0
DA:513,0
DA:522,0
DA:523,0
DA:524,0
DA:526,0
DA:527,0
DA:530,0
DA:531,0
DA:532,0
DA:533,0
DA:534,0
DA:535,0
DA:539,0
DA:540,0
DA:541,0
DA:543,0
DA:549,0
DA:550,0
DA:551,0
DA:553,0
DA:554,0
DA:556,0
DA:557,0
DA:559,0
DA:561,0
DA:563,0
DA:576,0
LF:182
LH:0
end_of_record
SF:lib\main.dart
DA:25,0
DA:29,0
DA:31,0
DA:34,0
DA:35,0
DA:36,0
DA:37,0
DA:38,0
DA:41,0
DA:46,0
DA:51,0
DA:54,0
DA:55,0
DA:57,0
DA:67,0
DA:68,0
DA:69,0
DA:71,0
DA:72,0
DA:77,0
DA:81,1
DA:83,0
DA:85,0
DA:86,0
DA:87,0
DA:88,0
DA:89,0
DA:90,0
DA:92,0
DA:96,0
DA:97,0
DA:101,0
DA:103,0
DA:104,0
DA:105,0
DA:106,0
DA:107,0
DA:108,0
DA:109,0
DA:110,0
DA:111,0
DA:112,0
DA:113,0
LF:43
LH:1
end_of_record
SF:lib\firebase_options.dart
DA:18,0
DA:22,0
DA:23,0
DA:25,0
DA:27,0
DA:29,0
DA:31,0
DA:32,0
DA:37,0
LF:9
LH:0
end_of_record
SF:lib\http\add_menu_kelola.dart
DA:7,0
DA:8,0
DA:9,0
DA:10,0
DA:11,0
DA:12,0
DA:18,0
DA:19,0
DA:20,0
DA:23,0
DA:29,0
DA:30,0
DA:31,0
DA:32,0
DA:33,0
DA:38,0
DA:39,0
DA:41,0
DA:42,0
DA:43,0
DA:44,0
DA:49,0
DA:53,0
DA:54,0
DA:55,0
DA:58,0
LF:26
LH:0
end_of_record
SF:lib\views\home\pages\login\login_page.dart
DA:13,5
DA:15,1
DA:16,1
DA:25,1
DA:27,1
DA:29,1
DA:35,1
DA:36,1
DA:37,1
DA:38,1
DA:39,3
DA:43,1
DA:44,1
DA:46,1
DA:48,1
DA:49,1
DA:50,1
DA:51,1
DA:52,1
DA:54,1
DA:55,1
DA:57,1
DA:60,1
DA:62,1
DA:65,1
DA:66,1
DA:68,1
DA:78,1
DA:79,1
DA:80,1
DA:81,1
DA:85,1
DA:91,1
DA:92,1
DA:95,1
DA:96,1
DA:99,1
DA:100,1
DA:103,1
DA:104,1
DA:107,1
DA:108,1
DA:112,0
DA:113,0
DA:122,1
DA:123,1
DA:124,1
DA:125,1
DA:129,1
DA:135,1
DA:136,1
DA:137,1
DA:141,0
DA:142,0
DA:145,1
DA:146,1
DA:149,1
DA:150,1
DA:153,1
DA:154,1
DA:157,1
DA:158,1
DA:161,1
DA:162,1
DA:166,0
DA:167,0
DA:174,1
DA:175,1
DA:178,6
DA:179,2
DA:180,1
DA:183,2
DA:188,2
DA:189,1
DA:192,2
DA:193,1
DA:196,5
DA:198,0
DA:200,0
DA:201,0
DA:205,0
DA:208,1
DA:210,0
DA:211,0
DA:212,0
DA:213,0
DA:218,2
DA:219,1
DA:221,1
DA:226,2
DA:227,1
DA:231,1
DA:235,1
DA:236,1
DA:237,1
DA:239,1
DA:240,1
DA:242,1
DA:243,0
DA:261,1
DA:262,1
DA:264,1
DA:266,1
DA:277,1
DA:279,1
DA:280,1
DA:282,1
DA:283,1
DA:286,1
DA:287,0
DA:288,0
DA:289,0
DA:291,1
DA:293,1
DA:294,1
DA:295,1
LF:116
LH:98
end_of_record
SF:lib\views\home\pages\register\register_page.dart
DA:12,2
DA:14,1
DA:15,1
DA:27,1
DA:29,1
DA:30,1
DA:31,1
DA:32,1
DA:33,1
DA:34,3
DA:38,1
DA:39,1
DA:41,1
DA:43,1
DA:44,1
DA:45,1
DA:46,1
DA:47,1
DA:49,1
DA:50,1
DA:52,1
DA:55,1
DA:57,1
DA:60,1
DA:61,1
DA:63,1
DA:73,1
DA:74,1
DA:75,1
DA:76,1
DA:82,1
DA:86,1
DA:87,1
DA:90,1
DA:91,1
DA:94,1
DA:95,1
DA:98,1
DA:99,1
DA:102,1
DA:103,1
DA:107,0
DA:108,0
DA:117,1
DA:118,1
DA:119,1
DA:120,1
DA:124,1
DA:130,1
DA:131,1
DA:134,1
DA:135,1
DA:138,1
DA:139,1
DA:142,1
DA:143,1
DA:146,1
DA:147,1
DA:151,0
DA:152,0
DA:161,1
DA:162,1
DA:163,1
DA:164,1
DA:168,1
DA:174,1
DA:175,1
DA:176,1
DA:180,0
DA:181,0
DA:184,1
DA:185,1
DA:188,1
DA:189,1
DA:192,1
DA:193,1
DA:196,1
DA:197,1
DA:200,1
DA:201,1
DA:205,0
DA:206,0
DA:215,1
DA:216,1
DA:217,1
DA:218,1
DA:222,1
DA:228,1
DA:229,1
DA:230,1
DA:234,0
DA:235,0
DA:238,1
DA:239,1
DA:242,1
DA:243,1
DA:246,1
DA:247,1
DA:250,1
DA:251,1
DA:254,1
DA:255,1
DA:259,0
DA:260,0
DA:263,0
DA:270,1
DA:271,1
DA:274,6
DA:275,2
DA:276,1
DA:279,2
DA:284,2
DA:285,1
DA:287,5
DA:289,2
DA:290,1
DA:297,2
DA:298,1
DA:301,1
DA:302,6
DA:305,0
DA:307,0
DA:308,0
DA:310,0
DA:314,1
DA:316,0
DA:317,0
DA:318,0
DA:319,0
DA:323,2
DA:324,1
DA:326,1
DA:331,2
DA:332,1
DA:336,1
DA:340,1
DA:341,1
DA:342,1
DA:344,1
DA:345,1
DA:347,1
DA:348,0
DA:366,1
DA:367,1
DA:369,1
DA:371,1
DA:382,1
DA:384,1
DA:385,1
DA:387,1
DA:388,1
DA:391,1
DA:392,0
DA:393,0
DA:394,0
DA:396,0
DA:397,0
DA:399,0
DA:402,1
DA:404,1
DA:405,1
DA:406,1
LF:162
LH:134
end_of_record
SF:lib\views\components\splash_screen.dart
DA:12,1
DA:14,0
DA:15,0
DA:23,0
DA:24,0
DA:26,0
DA:28,0
DA:29,0
DA:30,0
DA:31,0
DA:32,0
DA:36,0
DA:38,0
DA:39,0
DA:40,0
DA:41,0
DA:44,0
DA:46,0
DA:47,0
DA:48,0
DA:49,0
DA:53,0
DA:55,0
DA:56,0
DA:57,0
DA:58,0
DA:63,0
DA:65,0
DA:66,0
DA:67,0
DA:68,0
DA:69,0
DA:71,0
DA:72,0
DA:73,0
LF:35
LH:1
end_of_record
SF:lib\views\tenant\pages\katalog\katalog_menu_page.dart
DA:11,2
DA:13,0
DA:18,0
DA:19,0
DA:21,0
DA:22,0
DA:23,0
DA:24,0
DA:31,0
DA:32,0
DA:33,0
DA:35,0
DA:36,0
DA:38,0
DA:39,0
DA:46,0
DA:47,0
DA:48,0
DA:49,0
DA:53,0
DA:54,0
DA:56,0
DA:60,0
DA:61,0
LF:24
LH:1
end_of_record
SF:lib\views\tenant\pages\tambah_menu.dart
DA:17,1
DA:20,0
DA:21,0
DA:24,0
DA:25,0
DA:26,0
DA:27,0
DA:33,0
DA:51,0
DA:53,0
DA:54,0
DA:57,0
DA:59,0
DA:61,0
DA:62,0
DA:66,0
DA:67,0
DA:68,0
DA:71,0
DA:73,0
DA:74,0
DA:76,0
DA:77,0
DA:78,0
DA:82,0
DA:84,0
DA:91,0
DA:97,0
DA:98,0
DA:113,0
DA:115,0
DA:121,0
DA:122,0
DA:123,0
DA:125,0
DA:126,0
DA:127,0
DA:129,0
DA:130,0
DA:132,0
DA:138,0
DA:140,0
DA:142,0
DA:143,0
DA:145,0
DA:146,0
DA:147,0
DA:148,0
DA:151,0
DA:152,0
DA:153,0
DA:154,0
DA:156,0
DA:167,0
DA:168,0
DA:169,0
DA:170,0
DA:172,0
DA:173,0
DA:175,0
DA:177,0
DA:178,0
DA:179,0
DA:181,0
DA:183,0
DA:185,0
DA:189,0
DA:207,0
DA:208,0
DA:209,0
DA:211,0
DA:213,0
DA:215,0
DA:217,0
DA:226,0
DA:227,0
DA:244,0
DA:246,0
DA:255,0
DA:256,0
DA:257,0
DA:259,0
DA:273,0
DA:274,0
DA:276,0
DA:278,0
DA:279,0
DA:284,0
DA:286,0
DA:291,0
DA:292,0
DA:295,0
DA:297,0
DA:298,0
DA:303,0
DA:304,0
DA:305,0
DA:307,0
DA:321,0
DA:322,0
DA:324,0
DA:326,0
DA:327,0
DA:332,0
DA:333,0
DA:334,0
DA:336,0
DA:350,0
DA:352,0
DA:353,0
DA:357,0
DA:359,0
DA:360,0
DA:362,0
DA:363,0
DA:364,0
DA:365,0
DA:366,0
DA:367,0
DA:369,0
DA:370,0
DA:371,0
DA:372,0
DA:380,0
DA:381,0
DA:388,0
DA:390,0
DA:391,0
DA:392,0
DA:394,0
DA:395,0
DA:397,0
DA:398,0
DA:399,0
DA:401,0
DA:405,0
DA:406,0
DA:418,0
DA:419,0
DA:449,0
DA:451,0
DA:452,0
DA:453,0
DA:456,0
DA:458,0
DA:460,0
DA:462,0
DA:463,0
DA:469,0
DA:470,0
DA:472,0
DA:473,0
DA:474,0
DA:475,0
DA:477,0
DA:479,0
DA:483,0
DA:484,0
DA:486,0
DA:493,0
DA:501,0
DA:502,0
DA:503,0
DA:505,0
DA:506,0
DA:508,0
DA:510,0
DA:518,0
DA:519,0
DA:537,0
DA:538,0
DA:541,0
DA:542,0
DA:543,0
DA:545,0
DA:547,0
DA:552,0
DA:555,0
DA:556,0
DA:560,0
DA:561,0
DA:562,0
DA:564,0
DA:567,0
DA:569,0
DA:570,0
DA:571,0
DA:577,0
DA:578,0
DA:579,0
DA:581,0
DA:582,0
DA:583,0
DA:586,0
LF:194
LH:1
end_of_record
SF:lib\views\tenant\pages\katalog\menu_habis_page.dart
DA:17,0
DA:19,0
DA:20,0
DA:26,0
DA:28,0
DA:29,0
DA:32,0
DA:35,0
DA:36,0
DA:38,0
DA:39,0
DA:40,0
DA:42,0
DA:43,0
DA:44,0
DA:47,0
DA:48,0
DA:49,0
DA:53,0
DA:54,0
DA:55,0
DA:56,0
DA:57,0
DA:58,0
DA:59,0
DA:60,0
DA:61,0
DA:62,0
DA:64,0
DA:66,0
DA:67,0
DA:68,0
DA:69,0
DA:70,0
DA:73,0
DA:80,0
DA:82,0
DA:83,0
DA:86,0
DA:89,0
DA:91,0
DA:92,0
DA:104,0
DA:106,0
DA:112,0
DA:113,0
DA:115,0
DA:116,0
DA:117,0
DA:118,0
DA:120,0
DA:121,0
DA:124,0
DA:129,0
DA:130,0
DA:132,0
LF:56
LH:0
end_of_record
SF:lib\views\tenant\pages\katalog\menu_tersedia_page.dart
DA:16,0
DA:19,0
DA:21,0
DA:22,0
DA:28,0
DA:30,0
DA:31,0
DA:34,0
DA:36,0
DA:38,0
DA:39,0
DA:41,0
DA:42,0
DA:43,0
DA:48,0
DA:49,0
DA:50,0
DA:53,0
DA:54,0
DA:55,0
DA:59,0
DA:60,0
DA:61,0
DA:62,0
DA:63,0
DA:64,0
DA:65,0
DA:66,0
DA:67,0
DA:68,0
DA:70,0
DA:72,0
DA:73,0
DA:74,0
DA:75,0
DA:76,0
DA:79,0
DA:86,0
DA:88,0
DA:89,0
DA:92,0
DA:95,0
DA:97,0
DA:98,0
DA:118,0
DA:119,0
DA:121,0
DA:122,0
DA:123,0
DA:125,0
DA:126,0
DA:129,0
DA:134,0
DA:135,0
DA:137,0
DA:179,0
DA:180,0
DA:181,0
DA:182,0
DA:183,0
DA:184,0
DA:186,0
DA:187,0
DA:188,0
DA:190,0
DA:192,0
DA:193,0
DA:196,0
DA:198,0
DA:199,0
DA:201,0
DA:202,0
DA:203,0
DA:205,0
DA:207,0
DA:209,0
LF:76
LH:0
end_of_record
